Arguments: 
  C:\Program Files\nodejs\node.exe C:\Users\User\AppData\Roaming\npm\node_modules\yarn\bin\yarn.js run dev-esrver

PATH: 
  C:\Ruby24-x64\bin;C:\Program Files (x86)\Common Files\Intel\Shared Files\cpp\bin\Intel64;C:\ProgramData\Oracle\Java\javapath;C:\Windows\system32;C:\Windows;C:\Windows\System32\Wbem;C:\Windows\System32\WindowsPowerShell\v1.0\;C:\Program Files (x86)\QuickTime\QTSystem\;C:\Program Files (x86)\GtkSharp\2.12\bin;C:\Program Files\nodejs\;C:\Program Files\TortoiseSVN\bin;C:\Program Files (x86)\NVIDIA Corporation\PhysX\Common;E:\Microsoft VS Code\bin;C:\Program Files\Git\cmd;C:\Users\User\AppData\Roaming\npm;E:\Microsoft VS Code\bin;C:\Program Files\heroku\bin

Yarn version: 
  1.5.1

Node version: 
  8.0.0

Platform: 
  win32 x64

npm manifest: 
  {
    "name": "boilerplate-react-app",
    "version": "1.0.0",
    "main": "index.js",
    "author": "George Bortov",
    "license": "MIT",
    "scripts": {
      "build:dev": "webpack",
      "build:prod": "webpack -p --env production",
      "dev-server": "webpack-dev-server",
      "test": "cross-env NODE_ENV=test jest --config=jest.config.json",
      "start": "node server/server.js",
      "heroku-postbuild": "npm run build:prod"
    },
    "dependencies": {
      "babel-cli": "6.24.1",
      "babel-core": "6.25.0",
      "babel-loader": "7.1.1",
      "babel-plugin-transform-class-properties": "6.24.1",
      "babel-plugin-transform-object-rest-spread": "^6.26.0",
      "babel-polyfill": "6.26.0",
      "babel-preset-env": "1.5.2",
      "babel-preset-react": "6.24.1",
      "css-loader": "0.28.4",
      "express": "^4.15.4",
      "extract-text-webpack-plugin": "^3.0.2",
      "firebase": "^5.3.1",
      "history": "^4.7.2",
      "moment": "^2.22.2",
      "node-sass": "4.5.3",
      "normalize.css": "7.0.0",
      "numeral": "2.0.6",
      "raf": "^3.3.2",
      "react": "15.6.1",
      "react-addons-shallow-compare": "^15.6.0",
      "react-dates": "^12.7.0",
      "react-dom": "15.6.1",
      "react-modal": "2.2.2",
      "react-redux": "^5.0.7",
      "react-router-dom": "^4.2.2",
      "redux": "^3.7.2",
      "redux-mock-store": "^1.2.3",
      "redux-thunk": "^2.2.0",
      "sass-loader": "6.0.6",
      "style-loader": "0.18.2",
      "uuid": "^3.3.2",
      "validator": "8.0.0",
      "webpack": "3.1.0"
    },
    "devDependencies": {
      "cross-env": "^5.0.5",
      "dotenv": "^4.0.0",
      "enzyme": "^3.0.0",
      "enzyme-adapter-react-16": "^1.0.0",
      "enzyme-to-json": "^3.3.4",
      "jest": "^23.4.1",
      "react-test-renderer": "^16.0.0",
      "webpack-dev-server": "2.5.1"
    }
  }

yarn manifest: 
  No manifest

Lockfile: 
  No lockfile

Trace: 
  Error: Command "dev-esrver" not found.
      at new MessageError (C:\Users\User\AppData\Roaming\npm\node_modules\yarn\lib\cli.js:186:110)
      at C:\Users\User\AppData\Roaming\npm\node_modules\yarn\lib\cli.js:87307:17
      at Generator.next (<anonymous>)
      at step (C:\Users\User\AppData\Roaming\npm\node_modules\yarn\lib\cli.js:98:30)
      at C:\Users\User\AppData\Roaming\npm\node_modules\yarn\lib\cli.js:116:14
      at Promise (<anonymous>)
      at F (C:\Users\User\AppData\Roaming\npm\node_modules\yarn\lib\cli.js:23451:28)
      at C:\Users\User\AppData\Roaming\npm\node_modules\yarn\lib\cli.js:95:12
      at runCommand (C:\Users\User\AppData\Roaming\npm\node_modules\yarn\lib\cli.js:87312:22)
      at Object.<anonymous> (C:\Users\User\AppData\Roaming\npm\node_modules\yarn\lib\cli.js:87412:14)
